{"timestamp": "2025-12-24T16:00:28.550262", "level": "ERROR", "message": "STRIPE_WEBHOOK_SECRET is not set; webhook signature verification will fail.", "module": "signature_verify", "function": "<module>", "line": 11, "request_id": null, "user_id": null, "ip_address": null, "asctime": "2025-12-24 16:00:28"}
{"timestamp": "2025-12-24T16:15:31.237155", "level": "ERROR", "message": "STRIPE_WEBHOOK_SECRET is not set; webhook signature verification will fail.", "module": "signature_verify", "function": "<module>", "line": 11, "request_id": null, "user_id": null, "ip_address": null, "asctime": "2025-12-24 16:15:31"}
{"timestamp": "2025-12-24T16:15:36.347232", "level": "ERROR", "message": "STRIPE_WEBHOOK_SECRET is not set; webhook signature verification will fail.", "module": "signature_verify", "function": "<module>", "line": 11, "request_id": null, "user_id": null, "ip_address": null, "asctime": "2025-12-24 16:15:36"}
{"timestamp": "2025-12-24T16:18:39.756453", "level": "ERROR", "message": "STRIPE_WEBHOOK_SECRET is not set; webhook signature verification will fail.", "module": "signature_verify", "function": "<module>", "line": 11, "request_id": null, "user_id": null, "ip_address": null, "asctime": "2025-12-24 16:18:39"}
{"timestamp": "2025-12-24T16:30:44.453541", "level": "ERROR", "message": "STRIPE_WEBHOOK_SECRET is not set; webhook signature verification will fail.", "module": "signature_verify", "function": "<module>", "line": 11, "request_id": null, "user_id": null, "ip_address": null, "asctime": "2025-12-24 16:30:44"}
{"timestamp": "2025-12-24T16:31:37.722117", "level": "ERROR", "message": "STRIPE_WEBHOOK_SECRET is not set; webhook signature verification will fail.", "module": "signature_verify", "function": "<module>", "line": 11, "request_id": null, "user_id": null, "ip_address": null, "asctime": "2025-12-24 16:31:37"}
{"timestamp": "2025-12-24T16:44:54.730816", "level": "ERROR", "message": "STRIPE_WEBHOOK_SECRET is not set; webhook signature verification will fail.", "module": "signature_verify", "function": "<module>", "line": 11, "request_id": null, "user_id": null, "ip_address": null, "asctime": "2025-12-24 16:44:54"}
{"timestamp": "2025-12-24T16:45:22.057681", "level": "ERROR", "message": "STRIPE_WEBHOOK_SECRET is not set; webhook signature verification will fail.", "module": "signature_verify", "function": "<module>", "line": 11, "request_id": null, "user_id": null, "ip_address": null, "asctime": "2025-12-24 16:45:22"}
{"timestamp": "2025-12-24T16:52:43.135085", "level": "ERROR", "message": "STRIPE_WEBHOOK_SECRET is not set; webhook signature verification will fail.", "module": "signature_verify", "function": "<module>", "line": 11, "request_id": null, "user_id": null, "ip_address": null, "asctime": "2025-12-24 16:52:43"}
{"timestamp": "2025-12-24T16:53:10.782762", "level": "ERROR", "message": "STRIPE_WEBHOOK_SECRET is not set; webhook signature verification will fail.", "module": "signature_verify", "function": "<module>", "line": 11, "request_id": null, "user_id": null, "ip_address": null, "asctime": "2025-12-24 16:53:10"}
{"timestamp": "2025-12-24T17:31:27.953692", "level": "ERROR", "message": "STRIPE_WEBHOOK_SECRET is not set; webhook signature verification will fail.", "module": "signature_verify", "function": "<module>", "line": 11, "request_id": null, "user_id": null, "ip_address": null, "asctime": "2025-12-24 17:31:27"}
{"timestamp": "2025-12-24T17:31:33.898067", "level": "ERROR", "message": "STRIPE_WEBHOOK_SECRET is not set; webhook signature verification will fail.", "module": "signature_verify", "function": "<module>", "line": 11, "request_id": null, "user_id": null, "ip_address": null, "asctime": "2025-12-24 17:31:33"}
{"timestamp": "2025-12-24T17:46:51.419692", "level": "ERROR", "message": "Attempt to verify webhook but STRIPE_WEBHOOK_SECRET not configured", "module": "signature_verify", "function": "verify_stripe_signature", "line": 17, "request_id": "8d2bcc6d-6412-4fa3-9895-5d20fbcdced1", "user_id": null, "ip_address": "172.19.0.2", "asctime": "2025-12-24 17:46:51"}
{"timestamp": "2025-12-24T17:46:51.477112", "level": "ERROR", "message": "Attempt to verify webhook but STRIPE_WEBHOOK_SECRET not configured", "module": "signature_verify", "function": "verify_stripe_signature", "line": 17, "request_id": "bb5a23d8-0765-463b-8a3f-5e2154e1efe4", "user_id": null, "ip_address": "172.19.0.2", "asctime": "2025-12-24 17:46:51"}
{"timestamp": "2025-12-24T17:46:51.582178", "level": "ERROR", "message": "Attempt to verify webhook but STRIPE_WEBHOOK_SECRET not configured", "module": "signature_verify", "function": "verify_stripe_signature", "line": 17, "request_id": "bc440588-62ee-4766-9e41-c71320816af2", "user_id": null, "ip_address": "172.19.0.2", "asctime": "2025-12-24 17:46:51"}
{"timestamp": "2025-12-24T17:46:54.084024", "level": "ERROR", "message": "Attempt to verify webhook but STRIPE_WEBHOOK_SECRET not configured", "module": "signature_verify", "function": "verify_stripe_signature", "line": 17, "request_id": "3cc533c5-c324-4a9d-9a81-f97768d480e1", "user_id": null, "ip_address": "172.19.0.2", "asctime": "2025-12-24 17:46:54"}
{"timestamp": "2025-12-24T17:48:13.028129", "level": "ERROR", "message": "Attempt to verify webhook but STRIPE_WEBHOOK_SECRET not configured", "module": "signature_verify", "function": "verify_stripe_signature", "line": 17, "request_id": "f7d93ba0-cc0c-43a4-9db6-0119650c7ebb", "user_id": null, "ip_address": "172.19.0.2", "asctime": "2025-12-24 17:48:13"}
{"timestamp": "2025-12-24T17:48:56.889640", "level": "ERROR", "message": "Attempt to verify webhook but STRIPE_WEBHOOK_SECRET not configured", "module": "signature_verify", "function": "verify_stripe_signature", "line": 17, "request_id": "85fb3a31-81cc-4630-9716-669ca1b617a0", "user_id": null, "ip_address": "172.19.0.2", "asctime": "2025-12-24 17:48:56"}
{"timestamp": "2025-12-24T17:49:17.015073", "level": "ERROR", "message": "Attempt to verify webhook but STRIPE_WEBHOOK_SECRET not configured", "module": "signature_verify", "function": "verify_stripe_signature", "line": 17, "request_id": "3855ea32-4605-45f6-8cb4-86a15823fa6d", "user_id": null, "ip_address": "172.19.0.2", "asctime": "2025-12-24 17:49:17"}
{"timestamp": "2025-12-24T17:49:17.178941", "level": "ERROR", "message": "Attempt to verify webhook but STRIPE_WEBHOOK_SECRET not configured", "module": "signature_verify", "function": "verify_stripe_signature", "line": 17, "request_id": "7b245659-f817-41d1-b030-0b11037edc62", "user_id": null, "ip_address": "172.19.0.2", "asctime": "2025-12-24 17:49:17"}
{"timestamp": "2025-12-24T17:49:17.351058", "level": "ERROR", "message": "Attempt to verify webhook but STRIPE_WEBHOOK_SECRET not configured", "module": "signature_verify", "function": "verify_stripe_signature", "line": 17, "request_id": "a14fbc6e-801b-430a-8048-79ffa904c103", "user_id": null, "ip_address": "172.19.0.2", "asctime": "2025-12-24 17:49:17"}
{"timestamp": "2025-12-24T17:49:17.516368", "level": "ERROR", "message": "Attempt to verify webhook but STRIPE_WEBHOOK_SECRET not configured", "module": "signature_verify", "function": "verify_stripe_signature", "line": 17, "request_id": "0c5b522b-3eb7-4201-842e-66263c6a7d91", "user_id": null, "ip_address": "172.19.0.2", "asctime": "2025-12-24 17:49:17"}
{"timestamp": "2025-12-24T17:50:15.581072", "level": "ERROR", "message": "Attempt to verify webhook but STRIPE_WEBHOOK_SECRET not configured", "module": "signature_verify", "function": "verify_stripe_signature", "line": 17, "request_id": "e8cc1794-1d2a-4a22-b3bd-284295d79c0d", "user_id": null, "ip_address": "172.19.0.2", "asctime": "2025-12-24 17:50:15"}
{"timestamp": "2025-12-24T17:50:15.731201", "level": "ERROR", "message": "Attempt to verify webhook but STRIPE_WEBHOOK_SECRET not configured", "module": "signature_verify", "function": "verify_stripe_signature", "line": 17, "request_id": "7d07478e-400b-4486-b7cd-d872b7f5963b", "user_id": null, "ip_address": "172.19.0.2", "asctime": "2025-12-24 17:50:15"}
{"timestamp": "2025-12-24T17:50:15.891665", "level": "ERROR", "message": "Attempt to verify webhook but STRIPE_WEBHOOK_SECRET not configured", "module": "signature_verify", "function": "verify_stripe_signature", "line": 17, "request_id": "0ae6dabc-d4c7-4b4d-a648-31f60e570a7c", "user_id": null, "ip_address": "172.19.0.2", "asctime": "2025-12-24 17:50:15"}
{"timestamp": "2025-12-24T17:50:16.055869", "level": "ERROR", "message": "Attempt to verify webhook but STRIPE_WEBHOOK_SECRET not configured", "module": "signature_verify", "function": "verify_stripe_signature", "line": 17, "request_id": "5dd9dfa8-8e74-40de-8f1f-30e0d0f5956f", "user_id": null, "ip_address": "172.19.0.2", "asctime": "2025-12-24 17:50:16"}
{"timestamp": "2025-12-24T17:54:07.781504", "level": "ERROR", "message": "Attempt to verify webhook but STRIPE_WEBHOOK_SECRET not configured", "module": "signature_verify", "function": "verify_stripe_signature", "line": 17, "request_id": "7595abc7-e2df-48ca-8b91-9bee2dbe9181", "user_id": null, "ip_address": "172.19.0.2", "asctime": "2025-12-24 17:54:07"}
{"timestamp": "2025-12-24T17:56:17.070096", "level": "ERROR", "message": "STRIPE_WEBHOOK_SECRET is not set; webhook signature verification will fail.", "module": "signature_verify", "function": "<module>", "line": 11, "request_id": null, "user_id": null, "ip_address": null, "asctime": "2025-12-24 17:56:17"}
{"timestamp": "2025-12-24T17:56:27.594090", "level": "ERROR", "message": "Attempt to verify webhook but STRIPE_WEBHOOK_SECRET not configured", "module": "signature_verify", "function": "verify_stripe_signature", "line": 17, "request_id": "c36b70a7-9a75-487e-bc0e-5939c1e8c1bc", "user_id": null, "ip_address": "172.19.0.2", "asctime": "2025-12-24 17:56:27"}
{"timestamp": "2025-12-24T17:57:49.548768", "level": "ERROR", "message": "STRIPE_WEBHOOK_SECRET is not set; webhook signature verification will fail.", "module": "signature_verify", "function": "<module>", "line": 11, "request_id": null, "user_id": null, "ip_address": null, "asctime": "2025-12-24 17:57:49"}
{"timestamp": "2025-12-24T17:59:04.800791", "level": "ERROR", "message": "Attempt to verify webhook but STRIPE_WEBHOOK_SECRET not configured", "module": "signature_verify", "function": "verify_stripe_signature", "line": 17, "request_id": "efc6e07e-7268-4a45-9a62-bd3d06435248", "user_id": null, "ip_address": "172.19.0.4", "asctime": "2025-12-24 17:59:04"}
{"timestamp": "2025-12-24T17:59:04.959833", "level": "ERROR", "message": "Attempt to verify webhook but STRIPE_WEBHOOK_SECRET not configured", "module": "signature_verify", "function": "verify_stripe_signature", "line": 17, "request_id": "70ece35d-816c-47c2-ba7e-876f8b9670ed", "user_id": null, "ip_address": "172.19.0.4", "asctime": "2025-12-24 17:59:04"}
{"timestamp": "2025-12-24T17:59:05.131176", "level": "ERROR", "message": "Attempt to verify webhook but STRIPE_WEBHOOK_SECRET not configured", "module": "signature_verify", "function": "verify_stripe_signature", "line": 17, "request_id": "1dd29197-9f2f-443a-b20b-8aa375546d9a", "user_id": null, "ip_address": "172.19.0.4", "asctime": "2025-12-24 17:59:05"}
{"timestamp": "2025-12-24T17:59:05.347788", "level": "ERROR", "message": "Attempt to verify webhook but STRIPE_WEBHOOK_SECRET not configured", "module": "signature_verify", "function": "verify_stripe_signature", "line": 17, "request_id": "d00af069-57a0-4d03-be21-86b2b4f86ff2", "user_id": null, "ip_address": "172.19.0.4", "asctime": "2025-12-24 17:59:05"}
{"timestamp": "2025-12-24T17:59:46.713577", "level": "ERROR", "message": "STRIPE_WEBHOOK_SECRET is not set; webhook signature verification will fail.", "module": "signature_verify", "function": "<module>", "line": 11, "request_id": null, "user_id": null, "ip_address": null, "asctime": "2025-12-24 17:59:46"}
{"timestamp": "2025-12-24T18:00:22.554414", "level": "ERROR", "message": "Webhook signature verification failed", "module": "signature_verify", "function": "verify_stripe_signature", "line": 30, "request_id": "d92057d9-6a58-490d-8777-9185373848b2", "user_id": null, "ip_address": "172.19.0.4", "asctime": "2025-12-24 18:00:22", "exception": "Traceback (most recent call last):\n  File \"/app/backend/webhooks/signature_verify.py\", line 21, in verify_stripe_signature\n    event = stripe.Webhook.construct_event(\n            ^^^^^^^^^^^^^^^^^^^^^^^^^^^^^^^\n  File \"/usr/local/lib/python3.11/site-packages/stripe/_webhook.py\", line 25, in construct_event\n    WebhookSignature.verify_header(payload, sig_header, secret, tolerance)\n  File \"/usr/local/lib/python3.11/site-packages/stripe/_webhook.py\", line 82, in verify_header\n    raise SignatureVerificationError(\nstripe._error.SignatureVerificationError: No signatures found matching the expected signature for payload"}
{"timestamp": "2025-12-24T18:04:47.762534", "level": "ERROR", "message": "Webhook signature verification failed", "module": "signature_verify", "function": "verify_stripe_signature", "line": 30, "request_id": "3086dd85-99d9-42a5-ab7b-8331689b4e34", "user_id": null, "ip_address": "172.19.0.3", "asctime": "2025-12-24 18:04:47", "exception": "Traceback (most recent call last):\n  File \"/usr/local/lib/python3.11/site-packages/stripe/_webhook.py\", line 61, in verify_header\n    timestamp, signatures = cls._get_timestamp_and_signatures(\n                            ^^^^^^^^^^^^^^^^^^^^^^^^^^^^^^^^^^\n  File \"/usr/local/lib/python3.11/site-packages/stripe/_webhook.py\", line 54, in _get_timestamp_and_signatures\n    timestamp = int([i[1] for i in list_items if i[0] == \"t\"][0])\n                    ~~~~~~~~~~~~~~~~~~~~~~~~~~~~~~~~~~~~~~~~~^^^\nIndexError: list index out of range\n\nDuring handling of the above exception, another exception occurred:\n\nTraceback (most recent call last):\n  File \"/app/backend/webhooks/signature_verify.py\", line 21, in verify_stripe_signature\n    event = stripe.Webhook.construct_event(\n            ^^^^^^^^^^^^^^^^^^^^^^^^^^^^^^^\n  File \"/usr/local/lib/python3.11/site-packages/stripe/_webhook.py\", line 25, in construct_event\n    WebhookSignature.verify_header(payload, sig_header, secret, tolerance)\n  File \"/usr/local/lib/python3.11/site-packages/stripe/_webhook.py\", line 65, in verify_header\n    raise SignatureVerificationError(\nstripe._error.SignatureVerificationError: Unable to extract timestamp and signatures from header"}
{"timestamp": "2025-12-24T18:06:10.718761", "level": "ERROR", "message": "Webhook signature verification failed", "module": "signature_verify", "function": "verify_stripe_signature", "line": 30, "request_id": "9f92afaa-c9af-4ab2-b852-8b6847c0b713", "user_id": null, "ip_address": "172.19.0.3", "asctime": "2025-12-24 18:06:10", "exception": "Traceback (most recent call last):\n  File \"/app/backend/webhooks/signature_verify.py\", line 21, in verify_stripe_signature\n    event = stripe.Webhook.construct_event(\n            ^^^^^^^^^^^^^^^^^^^^^^^^^^^^^^^\n  File \"/usr/local/lib/python3.11/site-packages/stripe/_webhook.py\", line 25, in construct_event\n    WebhookSignature.verify_header(payload, sig_header, secret, tolerance)\n  File \"/usr/local/lib/python3.11/site-packages/stripe/_webhook.py\", line 82, in verify_header\n    raise SignatureVerificationError(\nstripe._error.SignatureVerificationError: No signatures found matching the expected signature for payload"}
{"timestamp": "2025-12-24T18:07:41.744996", "level": "ERROR", "message": "Webhook signature verification failed", "module": "signature_verify", "function": "verify_stripe_signature", "line": 30, "request_id": "61d2e4d9-308d-43da-a5df-a0f04c317dd1", "user_id": null, "ip_address": "172.19.0.3", "asctime": "2025-12-24 18:07:41", "exception": "Traceback (most recent call last):\n  File \"/app/backend/webhooks/signature_verify.py\", line 21, in verify_stripe_signature\n    event = stripe.Webhook.construct_event(\n            ^^^^^^^^^^^^^^^^^^^^^^^^^^^^^^^\n  File \"/usr/local/lib/python3.11/site-packages/stripe/_webhook.py\", line 25, in construct_event\n    WebhookSignature.verify_header(payload, sig_header, secret, tolerance)\n  File \"/usr/local/lib/python3.11/site-packages/stripe/_webhook.py\", line 90, in verify_header\n    raise SignatureVerificationError(\nstripe._error.SignatureVerificationError: Timestamp outside the tolerance zone (1766599312)"}
{"timestamp": "2025-12-24T18:07:45.716841", "level": "ERROR", "message": "Webhook signature verification failed", "module": "signature_verify", "function": "verify_stripe_signature", "line": 30, "request_id": "b79484ab-c56c-436f-8687-975c82d85bdf", "user_id": null, "ip_address": "172.19.0.3", "asctime": "2025-12-24 18:07:45", "exception": "Traceback (most recent call last):\n  File \"/app/backend/webhooks/signature_verify.py\", line 21, in verify_stripe_signature\n    event = stripe.Webhook.construct_event(\n            ^^^^^^^^^^^^^^^^^^^^^^^^^^^^^^^\n  File \"/usr/local/lib/python3.11/site-packages/stripe/_webhook.py\", line 25, in construct_event\n    WebhookSignature.verify_header(payload, sig_header, secret, tolerance)\n  File \"/usr/local/lib/python3.11/site-packages/stripe/_webhook.py\", line 90, in verify_header\n    raise SignatureVerificationError(\nstripe._error.SignatureVerificationError: Timestamp outside the tolerance zone (1766599312)"}
{"timestamp": "2025-12-24T18:07:46.680671", "level": "ERROR", "message": "Webhook signature verification failed", "module": "signature_verify", "function": "verify_stripe_signature", "line": 30, "request_id": "920cee63-4076-4728-8926-8332e284c5e9", "user_id": null, "ip_address": "172.19.0.3", "asctime": "2025-12-24 18:07:46", "exception": "Traceback (most recent call last):\n  File \"/app/backend/webhooks/signature_verify.py\", line 21, in verify_stripe_signature\n    event = stripe.Webhook.construct_event(\n            ^^^^^^^^^^^^^^^^^^^^^^^^^^^^^^^\n  File \"/usr/local/lib/python3.11/site-packages/stripe/_webhook.py\", line 25, in construct_event\n    WebhookSignature.verify_header(payload, sig_header, secret, tolerance)\n  File \"/usr/local/lib/python3.11/site-packages/stripe/_webhook.py\", line 90, in verify_header\n    raise SignatureVerificationError(\nstripe._error.SignatureVerificationError: Timestamp outside the tolerance zone (1766599312)"}
{"timestamp": "2025-12-24T18:07:52.268488", "level": "ERROR", "message": "Webhook signature verification failed", "module": "signature_verify", "function": "verify_stripe_signature", "line": 30, "request_id": "b1c70edd-b6a6-45d9-9cc8-c0b94c338ff2", "user_id": null, "ip_address": "172.19.0.3", "asctime": "2025-12-24 18:07:52", "exception": "Traceback (most recent call last):\n  File \"/app/backend/webhooks/signature_verify.py\", line 21, in verify_stripe_signature\n    event = stripe.Webhook.construct_event(\n            ^^^^^^^^^^^^^^^^^^^^^^^^^^^^^^^\n  File \"/usr/local/lib/python3.11/site-packages/stripe/_webhook.py\", line 25, in construct_event\n    WebhookSignature.verify_header(payload, sig_header, secret, tolerance)\n  File \"/usr/local/lib/python3.11/site-packages/stripe/_webhook.py\", line 90, in verify_header\n    raise SignatureVerificationError(\nstripe._error.SignatureVerificationError: Timestamp outside the tolerance zone (1766599312)"}
{"timestamp": "2025-12-24T18:07:59.095319", "level": "ERROR", "message": "Webhook signature verification failed", "module": "signature_verify", "function": "verify_stripe_signature", "line": 30, "request_id": "fbc5241c-0ef2-460c-8a80-972b1aa64888", "user_id": null, "ip_address": "172.19.0.3", "asctime": "2025-12-24 18:07:59", "exception": "Traceback (most recent call last):\n  File \"/app/backend/webhooks/signature_verify.py\", line 21, in verify_stripe_signature\n    event = stripe.Webhook.construct_event(\n            ^^^^^^^^^^^^^^^^^^^^^^^^^^^^^^^\n  File \"/usr/local/lib/python3.11/site-packages/stripe/_webhook.py\", line 25, in construct_event\n    WebhookSignature.verify_header(payload, sig_header, secret, tolerance)\n  File \"/usr/local/lib/python3.11/site-packages/stripe/_webhook.py\", line 90, in verify_header\n    raise SignatureVerificationError(\nstripe._error.SignatureVerificationError: Timestamp outside the tolerance zone (1766599312)"}
{"timestamp": "2025-12-24T18:08:18.557182", "level": "ERROR", "message": "Webhook signature verification failed", "module": "signature_verify", "function": "verify_stripe_signature", "line": 30, "request_id": "a411ab7a-dc8f-4a23-9149-75a11e5db79c", "user_id": null, "ip_address": "172.19.0.3", "asctime": "2025-12-24 18:08:18", "exception": "Traceback (most recent call last):\n  File \"/app/backend/webhooks/signature_verify.py\", line 21, in verify_stripe_signature\n    event = stripe.Webhook.construct_event(\n            ^^^^^^^^^^^^^^^^^^^^^^^^^^^^^^^\n  File \"/usr/local/lib/python3.11/site-packages/stripe/_webhook.py\", line 25, in construct_event\n    WebhookSignature.verify_header(payload, sig_header, secret, tolerance)\n  File \"/usr/local/lib/python3.11/site-packages/stripe/_webhook.py\", line 90, in verify_header\n    raise SignatureVerificationError(\nstripe._error.SignatureVerificationError: Timestamp outside the tolerance zone (1766599312)"}
{"timestamp": "2025-12-24T18:08:49.272754", "level": "ERROR", "message": "Webhook signature verification failed", "module": "signature_verify", "function": "verify_stripe_signature", "line": 30, "request_id": "0b2b0545-b741-45d3-8dbb-e6c382bae2c6", "user_id": null, "ip_address": "172.19.0.3", "asctime": "2025-12-24 18:08:49", "exception": "Traceback (most recent call last):\n  File \"/app/backend/webhooks/signature_verify.py\", line 21, in verify_stripe_signature\n    event = stripe.Webhook.construct_event(\n            ^^^^^^^^^^^^^^^^^^^^^^^^^^^^^^^\n  File \"/usr/local/lib/python3.11/site-packages/stripe/_webhook.py\", line 25, in construct_event\n    WebhookSignature.verify_header(payload, sig_header, secret, tolerance)\n  File \"/usr/local/lib/python3.11/site-packages/stripe/_webhook.py\", line 90, in verify_header\n    raise SignatureVerificationError(\nstripe._error.SignatureVerificationError: Timestamp outside the tolerance zone (1766599312)"}
{"timestamp": "2025-12-24T18:09:12.507419", "level": "ERROR", "message": "Webhook signature verification failed", "module": "signature_verify", "function": "verify_stripe_signature", "line": 30, "request_id": "889061a3-d00b-4cbd-bfd0-2476bd982651", "user_id": null, "ip_address": "172.19.0.3", "asctime": "2025-12-24 18:09:12", "exception": "Traceback (most recent call last):\n  File \"/app/backend/webhooks/signature_verify.py\", line 21, in verify_stripe_signature\n    event = stripe.Webhook.construct_event(\n            ^^^^^^^^^^^^^^^^^^^^^^^^^^^^^^^\n  File \"/usr/local/lib/python3.11/site-packages/stripe/_webhook.py\", line 25, in construct_event\n    WebhookSignature.verify_header(payload, sig_header, secret, tolerance)\n  File \"/usr/local/lib/python3.11/site-packages/stripe/_webhook.py\", line 90, in verify_header\n    raise SignatureVerificationError(\nstripe._error.SignatureVerificationError: Timestamp outside the tolerance zone (1766599312)"}
{"timestamp": "2025-12-24T18:13:55.984264", "level": "ERROR", "message": "Webhook signature verification failed", "module": "signature_verify", "function": "verify_stripe_signature", "line": 30, "request_id": "873056df-6aeb-4f66-91a1-a31fb265839d", "user_id": null, "ip_address": "172.19.0.3", "asctime": "2025-12-24 18:13:55", "exception": "Traceback (most recent call last):\n  File \"/app/backend/webhooks/signature_verify.py\", line 21, in verify_stripe_signature\n    event = stripe.Webhook.construct_event(\n            ^^^^^^^^^^^^^^^^^^^^^^^^^^^^^^^\n  File \"/usr/local/lib/python3.11/site-packages/stripe/_webhook.py\", line 25, in construct_event\n    WebhookSignature.verify_header(payload, sig_header, secret, tolerance)\n  File \"/usr/local/lib/python3.11/site-packages/stripe/_webhook.py\", line 82, in verify_header\n    raise SignatureVerificationError(\nstripe._error.SignatureVerificationError: No signatures found matching the expected signature for payload"}
{"timestamp": "2025-12-24T18:14:12.383627", "level": "ERROR", "message": "Webhook signature verification failed", "module": "signature_verify", "function": "verify_stripe_signature", "line": 30, "request_id": "2884c49b-5039-4bf0-a749-f9a416b3e06d", "user_id": null, "ip_address": "172.19.0.3", "asctime": "2025-12-24 18:14:12", "exception": "Traceback (most recent call last):\n  File \"/usr/local/lib/python3.11/site-packages/stripe/_webhook.py\", line 61, in verify_header\n    timestamp, signatures = cls._get_timestamp_and_signatures(\n                            ^^^^^^^^^^^^^^^^^^^^^^^^^^^^^^^^^^\n  File \"/usr/local/lib/python3.11/site-packages/stripe/_webhook.py\", line 54, in _get_timestamp_and_signatures\n    timestamp = int([i[1] for i in list_items if i[0] == \"t\"][0])\n                    ~~~~~~~~~~~~~~~~~~~~~~~~~~~~~~~~~~~~~~~~~^^^\nIndexError: list index out of range\n\nDuring handling of the above exception, another exception occurred:\n\nTraceback (most recent call last):\n  File \"/app/backend/webhooks/signature_verify.py\", line 21, in verify_stripe_signature\n    event = stripe.Webhook.construct_event(\n            ^^^^^^^^^^^^^^^^^^^^^^^^^^^^^^^\n  File \"/usr/local/lib/python3.11/site-packages/stripe/_webhook.py\", line 25, in construct_event\n    WebhookSignature.verify_header(payload, sig_header, secret, tolerance)\n  File \"/usr/local/lib/python3.11/site-packages/stripe/_webhook.py\", line 65, in verify_header\n    raise SignatureVerificationError(\nstripe._error.SignatureVerificationError: Unable to extract timestamp and signatures from header"}
{"timestamp": "2025-12-24T18:14:39.843687", "level": "ERROR", "message": "Webhook signature verification failed", "module": "signature_verify", "function": "verify_stripe_signature", "line": 30, "request_id": "20f5386e-8f8b-4a70-8c80-2882dfacf350", "user_id": null, "ip_address": "172.19.0.3", "asctime": "2025-12-24 18:14:39", "exception": "Traceback (most recent call last):\n  File \"/app/backend/webhooks/signature_verify.py\", line 21, in verify_stripe_signature\n    event = stripe.Webhook.construct_event(\n            ^^^^^^^^^^^^^^^^^^^^^^^^^^^^^^^\n  File \"/usr/local/lib/python3.11/site-packages/stripe/_webhook.py\", line 25, in construct_event\n    WebhookSignature.verify_header(payload, sig_header, secret, tolerance)\n  File \"/usr/local/lib/python3.11/site-packages/stripe/_webhook.py\", line 82, in verify_header\n    raise SignatureVerificationError(\nstripe._error.SignatureVerificationError: No signatures found matching the expected signature for payload"}
